c:\users\benson\onedrive\課務\2上\物件導向\期末專題\x64\debug\runcapoorun.obj
c:\users\benson\onedrive\課務\2上\物件導向\期末專題\x64\debug\grass.obj
c:\users\benson\onedrive\課務\2上\物件導向\期末專題\x64\debug\main.obj
c:\users\benson\onedrive\課務\2上\物件導向\期末專題\x64\debug\vc142.pdb
c:\users\benson\onedrive\課務\2上\物件導向\期末專題\x64\debug\moc_runcapoorun.obj
c:\users\benson\onedrive\課務\2上\物件導向\期末專題\x64\debug\qrc_runcapoorun.obj
c:\users\benson\documents\run_capoo_run\x64\debug\runcapoorun.obj
c:\users\benson\documents\run_capoo_run\x64\debug\grass.obj
c:\users\benson\documents\run_capoo_run\x64\debug\main.obj
c:\users\benson\documents\run_capoo_run\x64\debug\vc142.pdb
c:\users\benson\documents\run_capoo_run\x64\debug\moc_runcapoorun.obj
c:\users\benson\documents\run_capoo_run\x64\debug\qrc_runcapoorun.obj
c:\users\benson\onedrive\課務\2上\物件導向\期末專題\x64\debug\run_capoo_run.exe
c:\users\benson\onedrive\課務\2上\物件導向\期末專題\x64\debug\run_capoo_run.ilk
c:\users\benson\onedrive\課務\2上\物件導向\期末專題\x64\debug\run_capoo_run.pdb
c:\users\benson\documents\run_capoo_run\x64\debug\run_capoo_run.exe
c:\users\benson\documents\run_capoo_run\x64\debug\run_capoo_run.ilk
c:\users\benson\documents\run_capoo_run\x64\debug\run_capoo_run.pdb
c:\users\benson\documents\run_capoo_run\x64\debug\moc\moc_runcapoorun.cpp
c:\users\benson\documents\run_capoo_run\x64\debug\run_capoo_run.res
c:\users\benson\documents\run_capoo_run\x64\debug\rcc\qrc_runcapoorun.cpp
c:\users\benson\onedrive\課務\2上\物件導向\期末專題\x64\debug\uic\ui_runcapoorun.h
c:\users\benson\onedrive\課務\2上\物件導向\期末專題\x64\debug\rcc\qrc_runcapoorun.cpp
c:\users\benson\onedrive\課務\2上\物件導向\期末專題\x64\debug\moc\moc_runcapoorun.cpp
c:\users\benson\documents\run_capoo_run\x64\debug\uic\ui_runcapoorun.h
c:\users\benson\documents\run_capoo_run\x64\debug\run_capoo_run.tlog\cl.command.1.tlog
c:\users\benson\documents\run_capoo_run\x64\debug\run_capoo_run.tlog\cl.read.1.tlog
c:\users\benson\documents\run_capoo_run\x64\debug\run_capoo_run.tlog\cl.write.1.tlog
c:\users\benson\documents\run_capoo_run\x64\debug\run_capoo_run.tlog\link.command.1.tlog
c:\users\benson\documents\run_capoo_run\x64\debug\run_capoo_run.tlog\link.read.1.tlog
c:\users\benson\documents\run_capoo_run\x64\debug\run_capoo_run.tlog\link.write.1.tlog
c:\users\benson\documents\run_capoo_run\x64\debug\run_capoo_run.tlog\moc.read.1u.tlog
c:\users\benson\documents\run_capoo_run\x64\debug\run_capoo_run.tlog\moc.write.1u.tlog
c:\users\benson\documents\run_capoo_run\x64\debug\run_capoo_run.tlog\rc.command.1.tlog
c:\users\benson\documents\run_capoo_run\x64\debug\run_capoo_run.tlog\rc.read.1.tlog
c:\users\benson\documents\run_capoo_run\x64\debug\run_capoo_run.tlog\rc.write.1.tlog
c:\users\benson\documents\run_capoo_run\x64\debug\run_capoo_run.tlog\rcc.read.1u.tlog
c:\users\benson\documents\run_capoo_run\x64\debug\run_capoo_run.tlog\rcc.write.1u.tlog
c:\users\benson\documents\run_capoo_run\x64\debug\run_capoo_run.tlog\run_capoo_run.write.1u.tlog
c:\users\benson\documents\run_capoo_run\x64\debug\run_capoo_run.tlog\uic.read.1u.tlog
c:\users\benson\documents\run_capoo_run\x64\debug\run_capoo_run.tlog\uic.write.1u.tlog
